<?xml version="1.0" encoding="UTF-8"?>
<testng-results ignored="0" total="1" passed="1" failed="0" skipped="0">
  <reporter-output>
  </reporter-output>
  <suite started-at="2024-06-24T17:12:55 AST" name="Default suite" finished-at="2024-06-24T17:12:57 AST" duration-ms="2392">
    <groups>
    </groups>
    <test started-at="2024-06-24T17:12:55 AST" name="Default test" finished-at="2024-06-24T17:12:57 AST" duration-ms="2392">
      <class name="com.apiRequestMethodsUsingBDDAppraoch.PostCreateAuthToken">
        <test-method signature="createAuthToken()[pri:0, instance:com.apiRequestMethodsUsingBDDAppraoch.PostCreateAuthToken@6069db50]" started-at="2024-06-24T17:12:55 AST" name="createAuthToken" finished-at="2024-06-24T17:12:57 AST" duration-ms="2360" status="PASS">
          <reporter-output>
          </reporter-output>
        </test-method> <!-- createAuthToken -->
      </class> <!-- com.apiRequestMethodsUsingBDDAppraoch.PostCreateAuthToken -->
    </test> <!-- Default test -->
  </suite> <!-- Default suite -->
</testng-results>
